PS C:\Users\Szymon> ."C:\Users\Szymon\CLionProjects\Sem2Lab2\cmake-build-debug\Sem2Lab2.exe"
____________________________________________________
finished: 0.00%
avg loss: 0.965627
success rate: 13.13%
____________________________________________________
finished: 1.25%
avg loss: 0.705929
success rate: 41.30%
____________________________________________________
finished: 2.50%
avg loss: 0.622764
success rate: 51.96%
____________________________________________________
finished: 3.75%
avg loss: 0.612036
success rate: 53.57%
____________________________________________________
finished: 5.00%
avg loss: 0.540795
success rate: 57.77%
____________________________________________________
finished: 6.25%
avg loss: 0.494631
success rate: 66.15%
____________________________________________________
finished: 7.50%
avg loss: 0.381735
success rate: 72.82%
____________________________________________________
finished: 8.75%
avg loss: 0.324475
success rate: 77.35%
____________________________________________________
finished: 10.00%
avg loss: 0.421146
success rate: 69.71%
learning rate: 0.090000
____________________________________________________
finished: 11.25%
avg loss: 0.334475
success rate: 76.05%
____________________________________________________
finished: 12.50%
avg loss: 0.372146
success rate: 73.50%
learning rate: 0.081000
____________________________________________________
finished: 13.75%
avg loss: 0.286462
success rate: 79.67%
____________________________________________________
finished: 15.00%
avg loss: 0.295072
success rate: 79.16%
learning rate: 0.072900
____________________________________________________
finished: 16.25%
avg loss: 0.301097
success rate: 78.72%
learning rate: 0.065610
____________________________________________________
finished: 17.50%
avg loss: 0.287751
success rate: 79.15%
____________________________________________________
finished: 18.75%
avg loss: 0.286492
success rate: 79.88%
____________________________________________________
finished: 20.00%
avg loss: 0.284962
success rate: 79.89%
____________________________________________________
finished: 21.25%
avg loss: 0.293053
success rate: 78.89%
learning rate: 0.059049
____________________________________________________
finished: 22.50%
avg loss: 0.279306
success rate: 79.97%
____________________________________________________
finished: 23.75%
avg loss: 0.276227
success rate: 80.36%
____________________________________________________
finished: 25.00%
avg loss: 0.283880
success rate: 79.42%
learning rate: 0.053144
____________________________________________________
finished: 26.25%
avg loss: 0.276235
success rate: 80.03%
____________________________________________________
finished: 27.50%
avg loss: 0.278859
success rate: 79.83%
learning rate: 0.047830
____________________________________________________
finished: 28.75%
avg loss: 0.280183
success rate: 79.69%
learning rate: 0.043047
____________________________________________________
finished: 30.00%
avg loss: 0.270783
success rate: 80.66%
____________________________________________________
finished: 31.25%
avg loss: 0.274844
success rate: 80.39%
learning rate: 0.038742
____________________________________________________
finished: 32.50%
avg loss: 0.271832
success rate: 80.40%
____________________________________________________
finished: 33.75%
avg loss: 0.272100
success rate: 80.56%
learning rate: 0.034868
____________________________________________________
finished: 35.00%
avg loss: 0.272482
success rate: 80.64%
learning rate: 0.031381
____________________________________________________
finished: 36.25%
avg loss: 0.269518
success rate: 80.57%
____________________________________________________
finished: 37.50%
avg loss: 0.272855
success rate: 80.30%
learning rate: 0.028243
____________________________________________________
finished: 38.75%
avg loss: 0.269743
success rate: 80.56%
____________________________________________________
finished: 40.00%
avg loss: 0.270851
success rate: 80.56%
learning rate: 0.025419
____________________________________________________
finished: 41.25%
avg loss: 0.267317
success rate: 80.64%
____________________________________________________
finished: 42.50%
avg loss: 0.267010
success rate: 80.78%
____________________________________________________
finished: 43.75%
avg loss: 0.267336
success rate: 80.80%
learning rate: 0.022877
____________________________________________________
finished: 45.00%
avg loss: 0.267392
success rate: 80.64%
learning rate: 0.020589
____________________________________________________
finished: 46.25%
avg loss: 0.268401
success rate: 80.73%
learning rate: 0.018530
____________________________________________________
finished: 47.50%
avg loss: 0.268683
success rate: 80.68%
learning rate: 0.016677
____________________________________________________
finished: 48.75%
avg loss: 0.267821
success rate: 80.69%
____________________________________________________
finished: 50.00%
avg loss: 0.267286
success rate: 80.78%
____________________________________________________
finished: 51.25%
avg loss: 0.271972
success rate: 80.44%
learning rate: 0.015009
____________________________________________________
finished: 52.50%
avg loss: 0.267999
success rate: 80.76%
____________________________________________________
finished: 53.75%
avg loss: 0.267328
success rate: 80.81%
____________________________________________________
finished: 55.00%
avg loss: 0.268326
success rate: 80.67%
learning rate: 0.013509
____________________________________________________
finished: 56.25%
avg loss: 0.266197
success rate: 80.82%
____________________________________________________
finished: 57.50%
avg loss: 0.266420
success rate: 80.75%
learning rate: 0.012158
____________________________________________________
finished: 58.75%
avg loss: 0.267323
success rate: 80.67%
learning rate: 0.010942
____________________________________________________
finished: 60.00%
avg loss: 0.265126
success rate: 80.93%
____________________________________________________
finished: 61.25%
avg loss: 0.266298
success rate: 80.82%
learning rate: 0.009848
____________________________________________________
finished: 62.50%
avg loss: 0.267081
success rate: 80.95%
learning rate: 0.008863
____________________________________________________
finished: 63.75%
avg loss: 0.268093
success rate: 80.82%
learning rate: 0.007977
____________________________________________________
finished: 65.00%
avg loss: 0.266852
success rate: 80.82%
____________________________________________________
finished: 66.25%
avg loss: 0.268278
success rate: 80.66%
learning rate: 0.007179
____________________________________________________
finished: 67.50%
avg loss: 0.266901
success rate: 80.90%
____________________________________________________
finished: 68.75%
avg loss: 0.266384
success rate: 80.87%
____________________________________________________
finished: 70.00%
avg loss: 0.264685
success rate: 81.06%
____________________________________________________
finished: 71.25%
avg loss: 0.267257
success rate: 80.74%
learning rate: 0.006461
____________________________________________________
finished: 72.50%
avg loss: 0.265865
success rate: 80.86%
____________________________________________________
finished: 73.75%
avg loss: 0.265626
success rate: 80.80%
____________________________________________________
finished: 75.00%
avg loss: 0.265548
success rate: 80.91%
____________________________________________________
finished: 76.25%
avg loss: 0.265851
success rate: 80.93%
learning rate: 0.005815
____________________________________________________
finished: 77.50%
avg loss: 0.266686
success rate: 80.89%
learning rate: 0.005233
____________________________________________________
finished: 78.75%
avg loss: 0.265347
success rate: 80.93%
____________________________________________________
finished: 80.00%
avg loss: 0.265235
success rate: 81.01%
____________________________________________________
finished: 81.25%
avg loss: 0.266202
success rate: 80.85%
learning rate: 0.004710
____________________________________________________
finished: 82.50%
avg loss: 0.265857
success rate: 80.92%
____________________________________________________
finished: 83.75%
avg loss: 0.266253
success rate: 80.92%
learning rate: 0.004239
____________________________________________________
finished: 85.00%
avg loss: 0.266072
success rate: 80.97%
____________________________________________________
finished: 86.25%
avg loss: 0.266313
success rate: 80.81%
learning rate: 0.003815
____________________________________________________
finished: 87.50%
avg loss: 0.266148
success rate: 80.86%
____________________________________________________
finished: 88.75%
avg loss: 0.266662
success rate: 80.75%
learning rate: 0.003434
____________________________________________________
finished: 90.00%
avg loss: 0.266028
success rate: 80.94%
____________________________________________________
finished: 91.25%
avg loss: 0.265699
success rate: 80.91%
____________________________________________________
finished: 92.50%
avg loss: 0.266264
success rate: 80.92%
learning rate: 0.003090
____________________________________________________
finished: 93.75%
avg loss: 0.266389
success rate: 80.84%
learning rate: 0.002781
____________________________________________________
finished: 95.00%
avg loss: 0.266372
success rate: 80.88%
____________________________________________________
finished: 96.25%
avg loss: 0.265316
success rate: 80.98%
____________________________________________________
finished: 97.50%
avg loss: 0.266273
success rate: 80.85%
learning rate: 0.002503
____________________________________________________
finished: 98.75%
avg loss: 0.266243
success rate: 80.84%